<?xml version="1.0" encoding="UTF-8"?>
<testng-results ignored="0" total="1" passed="1" failed="0" skipped="0">
  <reporter-output>
  </reporter-output>
  <suite started-at="2023-11-19T15:51:19 IST" name="Surefire suite" finished-at="2023-11-19T15:51:53 IST" duration-ms="34430">
    <groups>
    </groups>
    <test started-at="2023-11-19T15:51:19 IST" name="Surefire test" finished-at="2023-11-19T15:51:53 IST" duration-ms="34430">
      <class name="com.peri.qa.testcases.LoginPageTest">
        <test-method is-config="true" signature="setUp()[pri:0, instance:com.peri.qa.testcases.LoginPageTest@2aa5fe93]" started-at="2023-11-19T15:51:19 IST" name="setUp" finished-at="2023-11-19T15:51:41 IST" duration-ms="22209" status="PASS">
          <reporter-output>
          </reporter-output>
        </test-method> <!-- setUp -->
        <test-method signature="LoginApp()[pri:0, instance:com.peri.qa.testcases.LoginPageTest@2aa5fe93]" started-at="2023-11-19T15:51:41 IST" name="LoginApp" finished-at="2023-11-19T15:51:52 IST" duration-ms="10671" status="PASS">
          <reporter-output>
          </reporter-output>
        </test-method> <!-- LoginApp -->
        <test-method is-config="true" signature="tearDown()[pri:0, instance:com.peri.qa.testcases.LoginPageTest@2aa5fe93]" started-at="2023-11-19T15:51:52 IST" name="tearDown" finished-at="2023-11-19T15:51:53 IST" duration-ms="1457" status="PASS">
          <reporter-output>
          </reporter-output>
        </test-method> <!-- tearDown -->
      </class> <!-- com.peri.qa.testcases.LoginPageTest -->
    </test> <!-- Surefire test -->
  </suite> <!-- Surefire suite -->
</testng-results>
