<?xml version="1.0" encoding="UTF-8"?>
<testng-results ignored="0" total="1" passed="1" failed="0" skipped="0">
  <reporter-output>
  </reporter-output>
  <suite started-at="2023-11-18T22:47:51 IST" name="Default suite" finished-at="2023-11-18T22:49:16 IST" duration-ms="85217">
    <groups>
    </groups>
    <test started-at="2023-11-18T22:47:51 IST" name="Default test" finished-at="2023-11-18T22:49:16 IST" duration-ms="85217">
      <class name="com.peri.qa.testcases.LoginPageTest">
        <test-method is-config="true" signature="setUp()[pri:0, instance:com.peri.qa.testcases.LoginPageTest@2d52216b]" started-at="2023-11-18T22:47:51 IST" name="setUp" finished-at="2023-11-18T22:48:35 IST" duration-ms="43545" status="PASS">
          <reporter-output>
          </reporter-output>
        </test-method> <!-- setUp -->
        <test-method signature="LoginApp()[pri:0, instance:com.peri.qa.testcases.LoginPageTest@2d52216b]" started-at="2023-11-18T22:48:35 IST" name="LoginApp" finished-at="2023-11-18T22:49:16 IST" duration-ms="40955" status="PASS">
          <reporter-output>
          </reporter-output>
        </test-method> <!-- LoginApp -->
        <test-method is-config="true" signature="tearDown()[pri:0, instance:com.peri.qa.testcases.LoginPageTest@2d52216b]" started-at="2023-11-18T22:49:16 IST" name="tearDown" finished-at="2023-11-18T22:49:16 IST" duration-ms="623" status="PASS">
          <reporter-output>
          </reporter-output>
        </test-method> <!-- tearDown -->
      </class> <!-- com.peri.qa.testcases.LoginPageTest -->
    </test> <!-- Default test -->
  </suite> <!-- Default suite -->
</testng-results>
